<?xml version="1.0" encoding="UTF-8"?>
<!-- Generated by org.testng.reporters.JUnitXMLReporter -->
<testsuite hostname="Success-PC" ignored="3" name="Test" tests="1" failures="0" timestamp="04 Apr 2022 07:27:48 GMT" time="82.685" errors="0">
  <testcase name="Testcaseone" time="65.555" classname="TestComponent.BDDDemo99"/>
  <testcase name="Testcasethree" time="0.0" classname="TestComponent.BDDDemo99">
    <ignored/>
  </testcase> <!-- Testcasethree -->
  <testcase name="Testcasetwo" time="0.0" classname="TestComponent.BDDDemo99">
    <ignored/>
  </testcase> <!-- Testcasetwo -->
  <testcase name="Testcasefour" time="0.0" classname="TestComponent.BDDDemo99">
    <ignored/>
  </testcase> <!-- Testcasefour -->
</testsuite> <!-- Test -->
